<?xml version="1.0" encoding="UTF-8"?>
<!-- Generated by org.testng.reporters.JUnitReportReporter -->
<testsuite skipped="0" hostname="REL" name="inbox.Depend" tests="3" failures="0" timestamp="10 Jul 2020 15:28:53 GMT" time="0.065" errors="0">
  <testcase name="Trash" time="0.046" classname="inbox.Depend"/>
  <testcase name="sentitems" time="0.013" classname="inbox.Depend"/>
  <testcase name="compose" time="0.006" classname="inbox.Depend"/>
</testsuite> <!-- inbox.Depend -->
