<?xml version="1.0" encoding="UTF-8"?>
<!-- Generated by org.testng.reporters.JUnitReportReporter -->
<testsuite skipped="0" hostname="REL" name="inbox.Depend1" tests="1" failures="0" timestamp="11 Jul 2020 10:43:38 GMT" time="0.065" errors="0">
  <testcase name="Compose" time="0.065" classname="inbox.Depend1"/>
</testsuite> <!-- inbox.Depend1 -->
